{"/home/nealwp/source/api.prestonneal.com/src/server.ts": {"path":"/home/nealwp/source/api.prestonneal.com/src/server.ts","statementMap":{"0":{"start":{"line":1,"column":0},"end":{"line":1,"column":29}},"1":{"start":{"line":2,"column":0},"end":{"line":2,"column":36}},"2":{"start":{"line":4,"column":28},"end":{"line":20,"column":1}},"3":{"start":{"line":5,"column":19},"end":{"line":5,"column":28}},"4":{"start":{"line":7,"column":4},"end":{"line":7,"column":null}},"5":{"start":{"line":9,"column":4},"end":{"line":11,"column":null}},"6":{"start":{"line":10,"column":8},"end":{"line":10,"column":null}},"7":{"start":{"line":13,"column":4},"end":{"line":15,"column":null}},"8":{"start":{"line":14,"column":8},"end":{"line":14,"column":null}},"9":{"start":{"line":17,"column":4},"end":{"line":17,"column":null}},"10":{"start":{"line":19,"column":4},"end":{"line":19,"column":18}},"11":{"start":{"line":4,"column":13},"end":{"line":4,"column":28}}},"fnMap":{"0":{"name":"(anonymous_1)","decl":{"start":{"line":4,"column":28},"end":{"line":4,"column":29}},"loc":{"start":{"line":4,"column":50},"end":{"line":20,"column":1}}},"1":{"name":"(anonymous_2)","decl":{"start":{"line":9,"column":20},"end":{"line":9,"column":21}},"loc":{"start":{"line":9,"column":39},"end":{"line":11,"column":5}}},"2":{"name":"(anonymous_3)","decl":{"start":{"line":13,"column":26},"end":{"line":13,"column":27}},"loc":{"start":{"line":13,"column":45},"end":{"line":15,"column":5}}}},"branchMap":{},"s":{"0":2,"1":2,"2":2,"3":2,"4":2,"5":2,"6":1,"7":2,"8":1,"9":2,"10":2,"11":2},"f":{"0":2,"1":1,"2":1},"b":{}}
,"/home/nealwp/source/api.prestonneal.com/src/v1/db.ts": {"path":"/home/nealwp/source/api.prestonneal.com/src/v1/db.ts","statementMap":{"0":{"start":{"line":6,"column":21},"end":{"line":8,"column":null}},"1":{"start":{"line":10,"column":22},"end":{"line":12,"column":1}},"2":{"start":{"line":11,"column":4},"end":{"line":11,"column":null}},"3":{"start":{"line":23,"column":4},"end":{"line":23,"column":17}},"4":{"start":{"line":14,"column":17},"end":{"line":16,"column":1}},"5":{"start":{"line":15,"column":4},"end":{"line":15,"column":null}},"6":{"start":{"line":24,"column":4},"end":{"line":24,"column":12}},"7":{"start":{"line":18,"column":19},"end":{"line":20,"column":1}},"8":{"start":{"line":19,"column":4},"end":{"line":19,"column":null}},"9":{"start":{"line":25,"column":4},"end":{"line":25,"column":14}}},"fnMap":{"0":{"name":"(anonymous_0)","decl":{"start":{"line":10,"column":22},"end":{"line":10,"column":27}},"loc":{"start":{"line":10,"column":50},"end":{"line":12,"column":1}}},"1":{"name":"(anonymous_1)","decl":{"start":{"line":14,"column":17},"end":{"line":14,"column":22}},"loc":{"start":{"line":14,"column":43},"end":{"line":16,"column":1}}},"2":{"name":"(anonymous_2)","decl":{"start":{"line":18,"column":19},"end":{"line":18,"column":24}},"loc":{"start":{"line":18,"column":45},"end":{"line":20,"column":1}}}},"branchMap":{},"s":{"0":3,"1":3,"2":8,"3":3,"4":3,"5":8,"6":3,"7":3,"8":4,"9":3},"f":{"0":8,"1":8,"2":4},"b":{}}
,"/home/nealwp/source/api.prestonneal.com/src/v1/controllers/analytics.controller.ts": {"path":"/home/nealwp/source/api.prestonneal.com/src/v1/controllers/analytics.controller.ts","statementMap":{"0":{"start":{"line":1,"column":0},"end":{"line":1,"column":27}},"1":{"start":{"line":3,"column":18},"end":{"line":8,"column":null}},"2":{"start":{"line":5,"column":35},"end":{"line":5,"column":53}},"3":{"start":{"line":6,"column":30},"end":{"line":6,"column":43}},"4":{"start":{"line":10,"column":9},"end":{"line":10,"column":18}}},"fnMap":{"0":{"name":"(anonymous_6)","decl":{"start":{"line":5,"column":23},"end":{"line":5,"column":28}},"loc":{"start":{"line":5,"column":35},"end":{"line":5,"column":53}}},"1":{"name":"(anonymous_7)","decl":{"start":{"line":6,"column":18},"end":{"line":6,"column":23}},"loc":{"start":{"line":6,"column":30},"end":{"line":6,"column":43}}}},"branchMap":{},"s":{"0":3,"1":3,"2":8,"3":8,"4":3},"f":{"0":8,"1":8},"b":{}}
,"/home/nealwp/source/api.prestonneal.com/src/v1/middleware/bodyparser.middleware.ts": {"path":"/home/nealwp/source/api.prestonneal.com/src/v1/middleware/bodyparser.middleware.ts","statementMap":{"0":{"start":{"line":1,"column":0},"end":{"line":1,"column":36}},"1":{"start":{"line":3,"column":16},"end":{"line":6,"column":null}},"2":{"start":{"line":8,"column":0},"end":{"line":8,"column":null}}},"fnMap":{},"branchMap":{},"s":{"0":2,"1":2,"2":2},"f":{},"b":{}}
,"/home/nealwp/source/api.prestonneal.com/src/v1/middleware/cors.middleware.ts": {"path":"/home/nealwp/source/api.prestonneal.com/src/v1/middleware/cors.middleware.ts","statementMap":{"0":{"start":{"line":1,"column":0},"end":{"line":1,"column":40}},"1":{"start":{"line":3,"column":33},"end":{"line":6,"column":null}},"2":{"start":{"line":8,"column":29},"end":{"line":10,"column":null}},"3":{"start":{"line":12,"column":23},"end":{"line":12,"column":36}},"4":{"start":{"line":14,"column":9},"end":{"line":14,"column":23}}},"fnMap":{},"branchMap":{},"s":{"0":2,"1":2,"2":2,"3":2,"4":2},"f":{},"b":{}}
,"/home/nealwp/source/api.prestonneal.com/src/v1/middleware/index.ts": {"path":"/home/nealwp/source/api.prestonneal.com/src/v1/middleware/index.ts","statementMap":{"0":{"start":{"line":1,"column":0},"end":{"line":1,"column":50}},"1":{"start":{"line":2,"column":0},"end":{"line":2,"column":54}},"2":{"start":{"line":3,"column":0},"end":{"line":3,"column":58}},"3":{"start":{"line":5,"column":19},"end":{"line":9,"column":null}},"4":{"start":{"line":15,"column":9},"end":{"line":15,"column":19}},"5":{"start":{"line":11,"column":30},"end":{"line":13,"column":null}},"6":{"start":{"line":12,"column":39},"end":{"line":12,"column":45}},"7":{"start":{"line":15,"column":21},"end":{"line":15,"column":35}}},"fnMap":{"0":{"name":"(anonymous_1)","decl":{"start":{"line":12,"column":4},"end":{"line":12,"column":5}},"loc":{"start":{"line":12,"column":39},"end":{"line":12,"column":45}}}},"branchMap":{},"s":{"0":2,"1":2,"2":2,"3":2,"4":2,"5":2,"6":8,"7":2},"f":{"0":8},"b":{}}
,"/home/nealwp/source/api.prestonneal.com/src/v1/middleware/logger.middleware.ts": {"path":"/home/nealwp/source/api.prestonneal.com/src/v1/middleware/logger.middleware.ts","statementMap":{"0":{"start":{"line":1,"column":15},"end":{"line":6,"column":1}},"1":{"start":{"line":2,"column":28},"end":{"line":2,"column":31}},"2":{"start":{"line":3,"column":22},"end":{"line":3,"column":46}},"3":{"start":{"line":4,"column":4},"end":{"line":4,"column":null}},"4":{"start":{"line":5,"column":4},"end":{"line":5,"column":null}},"5":{"start":{"line":8,"column":25},"end":{"line":8,"column":31}},"6":{"start":{"line":10,"column":9},"end":{"line":10,"column":25}}},"fnMap":{"0":{"name":"(anonymous_0)","decl":{"start":{"line":1,"column":15},"end":{"line":1,"column":16}},"loc":{"start":{"line":1,"column":49},"end":{"line":6,"column":1}}}},"branchMap":{},"s":{"0":2,"1":0,"2":0,"3":0,"4":0,"5":2,"6":2},"f":{"0":0},"b":{}}
,"/home/nealwp/source/api.prestonneal.com/src/v1/routes/index.ts": {"path":"/home/nealwp/source/api.prestonneal.com/src/v1/routes/index.ts","statementMap":{"0":{"start":{"line":1,"column":0},"end":{"line":1,"column":32}},"1":{"start":{"line":2,"column":0},"end":{"line":2,"column":39}},"2":{"start":{"line":4,"column":15},"end":{"line":4,"column":23}},"3":{"start":{"line":8,"column":9},"end":{"line":8,"column":15}},"4":{"start":{"line":6,"column":0},"end":{"line":6,"column":null}}},"fnMap":{},"branchMap":{},"s":{"0":2,"1":2,"2":2,"3":2,"4":2},"f":{},"b":{}}
,"/home/nealwp/source/api.prestonneal.com/src/v1/routes/public/routes.ts": {"path":"/home/nealwp/source/api.prestonneal.com/src/v1/routes/public/routes.ts","statementMap":{"0":{"start":{"line":1,"column":0},"end":{"line":1,"column":33}},"1":{"start":{"line":2,"column":0},"end":{"line":2,"column":66}},"2":{"start":{"line":3,"column":0},"end":{"line":3,"column":50}},"3":{"start":{"line":5,"column":15},"end":{"line":5,"column":23}},"4":{"start":{"line":7,"column":0},"end":{"line":9,"column":null}},"5":{"start":{"line":8,"column":4},"end":{"line":8,"column":null}},"6":{"start":{"line":11,"column":0},"end":{"line":13,"column":null}},"7":{"start":{"line":12,"column":4},"end":{"line":12,"column":null}},"8":{"start":{"line":15,"column":0},"end":{"line":21,"column":null}},"9":{"start":{"line":16,"column":19},"end":{"line":16,"column":55}},"10":{"start":{"line":17,"column":17},"end":{"line":19,"column":null}},"11":{"start":{"line":20,"column":4},"end":{"line":20,"column":null}},"12":{"start":{"line":23,"column":0},"end":{"line":30,"column":null}},"13":{"start":{"line":24,"column":4},"end":{"line":24,"column":null}},"14":{"start":{"line":25,"column":19},"end":{"line":25,"column":55}},"15":{"start":{"line":26,"column":17},"end":{"line":28,"column":null}},"16":{"start":{"line":29,"column":4},"end":{"line":29,"column":null}},"17":{"start":{"line":32,"column":0},"end":{"line":32,"column":null}}},"fnMap":{"0":{"name":"(anonymous_0)","decl":{"start":{"line":7,"column":16},"end":{"line":7,"column":17}},"loc":{"start":{"line":7,"column":35},"end":{"line":9,"column":1}}},"1":{"name":"(anonymous_1)","decl":{"start":{"line":11,"column":22},"end":{"line":11,"column":23}},"loc":{"start":{"line":11,"column":41},"end":{"line":13,"column":1}}},"2":{"name":"(anonymous_2)","decl":{"start":{"line":15,"column":37},"end":{"line":15,"column":42}},"loc":{"start":{"line":15,"column":62},"end":{"line":21,"column":1}}},"3":{"name":"(anonymous_3)","decl":{"start":{"line":23,"column":38},"end":{"line":23,"column":43}},"loc":{"start":{"line":23,"column":63},"end":{"line":30,"column":1}}}},"branchMap":{},"s":{"0":2,"1":2,"2":2,"3":2,"4":2,"5":1,"6":2,"7":1,"8":2,"9":1,"10":1,"11":1,"12":2,"13":3,"14":3,"15":3,"16":3,"17":2},"f":{"0":1,"1":1,"2":1,"3":3},"b":{}}
}
