TN:
SF:src/server.ts
FN:4,(anonymous_1)
FN:9,(anonymous_2)
FN:13,(anonymous_3)
FNF:3
FNH:3
FNDA:2,(anonymous_1)
FNDA:1,(anonymous_2)
FNDA:1,(anonymous_3)
DA:1,2
DA:2,2
DA:4,2
DA:5,2
DA:7,2
DA:9,2
DA:10,1
DA:13,2
DA:14,1
DA:17,2
DA:19,2
LF:11
LH:11
BRF:0
BRH:0
end_of_record
TN:
SF:src/v1/db.ts
FN:10,(anonymous_0)
FN:14,(anonymous_1)
FN:18,(anonymous_2)
FNF:3
FNH:3
FNDA:8,(anonymous_0)
FNDA:8,(anonymous_1)
FNDA:4,(anonymous_2)
DA:6,3
DA:10,3
DA:11,8
DA:14,3
DA:15,8
DA:18,3
DA:19,4
DA:23,3
DA:24,3
DA:25,3
LF:10
LH:10
BRF:0
BRH:0
end_of_record
TN:
SF:src/v1/controllers/analytics.controller.ts
FN:5,(anonymous_6)
FN:6,(anonymous_7)
FNF:2
FNH:2
FNDA:8,(anonymous_6)
FNDA:8,(anonymous_7)
DA:1,3
DA:3,3
DA:5,8
DA:6,8
DA:10,3
LF:5
LH:5
BRF:0
BRH:0
end_of_record
TN:
SF:src/v1/middleware/bodyparser.middleware.ts
FNF:0
FNH:0
DA:1,2
DA:3,2
DA:8,2
LF:3
LH:3
BRF:0
BRH:0
end_of_record
TN:
SF:src/v1/middleware/cors.middleware.ts
FNF:0
FNH:0
DA:1,2
DA:3,2
DA:8,2
DA:12,2
DA:14,2
LF:5
LH:5
BRF:0
BRH:0
end_of_record
TN:
SF:src/v1/middleware/index.ts
FN:12,(anonymous_1)
FNF:1
FNH:1
FNDA:8,(anonymous_1)
DA:1,2
DA:2,2
DA:3,2
DA:5,2
DA:11,2
DA:12,8
DA:15,2
LF:7
LH:7
BRF:0
BRH:0
end_of_record
TN:
SF:src/v1/middleware/logger.middleware.ts
FN:1,(anonymous_0)
FNF:1
FNH:0
FNDA:0,(anonymous_0)
DA:1,2
DA:2,0
DA:3,0
DA:4,0
DA:5,0
DA:8,2
DA:10,2
LF:7
LH:3
BRF:0
BRH:0
end_of_record
TN:
SF:src/v1/routes/index.ts
FNF:0
FNH:0
DA:1,2
DA:2,2
DA:4,2
DA:6,2
DA:8,2
LF:5
LH:5
BRF:0
BRH:0
end_of_record
TN:
SF:src/v1/routes/public/routes.ts
FN:7,(anonymous_0)
FN:11,(anonymous_1)
FN:15,(anonymous_2)
FN:23,(anonymous_3)
FNF:4
FNH:4
FNDA:1,(anonymous_0)
FNDA:1,(anonymous_1)
FNDA:1,(anonymous_2)
FNDA:3,(anonymous_3)
DA:1,2
DA:2,2
DA:3,2
DA:5,2
DA:7,2
DA:8,1
DA:11,2
DA:12,1
DA:15,2
DA:16,1
DA:17,1
DA:20,1
DA:23,2
DA:24,3
DA:25,3
DA:26,3
DA:29,3
DA:32,2
LF:18
LH:18
BRF:0
BRH:0
end_of_record
